<?xml version="1.0" encoding="UTF-8"?>
<!-- Generated by org.testng.reporters.JUnitReportReporter -->
<testsuite skipped="0" hostname="DESKTOP-6R4TCBS" name="OnlineStore.AppTest" tests="1" failures="0" timestamp="19 May 2019 08:56:38 GMT" time="0.013" errors="0">
  <testcase name="SeleniumTest" time="0.013" classname="OnlineStore.AppTest"/>
</testsuite> <!-- OnlineStore.AppTest -->
